2013-03-05 18:21:06.958+0000: WARNING! Deprecated configuration options used. See manual for details
2013-03-05 18:21:06.959+0000: cannot configure writers and searchers individually since they go together
2013-03-05 18:21:06.960+0000: WARNING! You are using an unsupported Java runtime. Please use JDK 6.
2013-03-05 18:21:07.030+0000: Creating new db @ /home/silke/Downloads/deepamehta-4.0.14-karaf/deepamehta-db/neostore
2013-03-05 18:21:07.069+0000: [/home/silke/Downloads/deepamehta-4.0.14-karaf/deepamehta-db/neostore.nodestore.db] brickCount=0 brickSize=1614807b mappedMem=161480704b (storeSize=0b)
2013-03-05 18:21:07.076+0000: /home/silke/Downloads/deepamehta-4.0.14-karaf/deepamehta-db/neostore.nodestore.db hit=1 miss=0 switches=0 ooe=0
2013-03-05 18:21:07.108+0000: [/home/silke/Downloads/deepamehta-4.0.14-karaf/deepamehta-db/neostore.relationshiptypestore.db.names] brickCount=0 brickSize=0b mappedMem=0b (storeSize=38b)
2013-03-05 18:21:07.113+0000: [/home/silke/Downloads/deepamehta-4.0.14-karaf/deepamehta-db/neostore.relationshiptypestore.db] brickCount=0 brickSize=0b mappedMem=0b (storeSize=0b)
2013-03-05 18:21:07.114+0000: /home/silke/Downloads/deepamehta-4.0.14-karaf/deepamehta-db/neostore.relationshiptypestore.db.names hit=0 miss=0 switches=0 ooe=0
2013-03-05 18:21:07.117+0000: /home/silke/Downloads/deepamehta-4.0.14-karaf/deepamehta-db/neostore.relationshiptypestore.db hit=0 miss=0 switches=0 ooe=0
2013-03-05 18:21:07.120+0000: [/home/silke/Downloads/deepamehta-4.0.14-karaf/deepamehta-db/neostore.relationshiptypestore.db.names] brickCount=0 brickSize=0b mappedMem=0b (storeSize=38b)
2013-03-05 18:21:07.121+0000: [/home/silke/Downloads/deepamehta-4.0.14-karaf/deepamehta-db/neostore.relationshiptypestore.db] brickCount=0 brickSize=0b mappedMem=0b (storeSize=0b)
2013-03-05 18:21:07.121+0000: [/home/silke/Downloads/deepamehta-4.0.14-karaf/deepamehta-db/neostore.propertystore.db.strings] brickCount=0 brickSize=493824b mappedMem=493879296b (storeSize=128b)
2013-03-05 18:21:07.122+0000: [/home/silke/Downloads/deepamehta-4.0.14-karaf/deepamehta-db/neostore.propertystore.db.index.keys] brickCount=0 brickSize=1026b mappedMem=1048576b (storeSize=38b)
2013-03-05 18:21:07.124+0000: [/home/silke/Downloads/deepamehta-4.0.14-karaf/deepamehta-db/neostore.propertystore.db.index] brickCount=0 brickSize=10485b mappedMem=1048576b (storeSize=0b)
2013-03-05 18:21:07.125+0000: [/home/silke/Downloads/deepamehta-4.0.14-karaf/deepamehta-db/neostore.propertystore.db.arrays] brickCount=0 brickSize=559872b mappedMem=559939584b (storeSize=128b)
2013-03-05 18:21:07.129+0000: [/home/silke/Downloads/deepamehta-4.0.14-karaf/deepamehta-db/neostore.propertystore.db] brickCount=0 brickSize=5809085b mappedMem=580911104b (storeSize=0b)
2013-03-05 18:21:07.132+0000: [/home/silke/Downloads/deepamehta-4.0.14-karaf/deepamehta-db/neostore.relationshipstore.db] brickCount=0 brickSize=7119816b mappedMem=711983104b (storeSize=0b)
2013-03-05 18:21:07.132+0000: [/home/silke/Downloads/deepamehta-4.0.14-karaf/deepamehta-db/neostore.nodestore.db] brickCount=0 brickSize=161478b mappedMem=161480704b (storeSize=9b)
2013-03-05 18:21:07.133+0000: [/home/silke/Downloads/deepamehta-4.0.14-karaf/deepamehta-db/neostore] brickCount=0 brickSize=0b mappedMem=0b (storeSize=0b)
2013-03-05 18:21:07.139+0000: /home/silke/Downloads/deepamehta-4.0.14-karaf/deepamehta-db/neostore.relationshiptypestore.db.names hit=0 miss=0 switches=0 ooe=0
2013-03-05 18:21:07.142+0000: /home/silke/Downloads/deepamehta-4.0.14-karaf/deepamehta-db/neostore.relationshiptypestore.db hit=0 miss=0 switches=0 ooe=0
2013-03-05 18:21:07.144+0000: /home/silke/Downloads/deepamehta-4.0.14-karaf/deepamehta-db/neostore.propertystore.db.strings hit=0 miss=0 switches=0 ooe=0
2013-03-05 18:21:07.147+0000: /home/silke/Downloads/deepamehta-4.0.14-karaf/deepamehta-db/neostore.propertystore.db.index.keys hit=0 miss=0 switches=0 ooe=0
2013-03-05 18:21:07.150+0000: /home/silke/Downloads/deepamehta-4.0.14-karaf/deepamehta-db/neostore.propertystore.db.index hit=0 miss=0 switches=0 ooe=0
2013-03-05 18:21:07.152+0000: /home/silke/Downloads/deepamehta-4.0.14-karaf/deepamehta-db/neostore.propertystore.db.arrays hit=0 miss=0 switches=0 ooe=0
2013-03-05 18:21:07.155+0000: /home/silke/Downloads/deepamehta-4.0.14-karaf/deepamehta-db/neostore.propertystore.db hit=0 miss=0 switches=0 ooe=0
2013-03-05 18:21:07.157+0000: /home/silke/Downloads/deepamehta-4.0.14-karaf/deepamehta-db/neostore.relationshipstore.db hit=0 miss=0 switches=0 ooe=0
2013-03-05 18:21:07.160+0000: /home/silke/Downloads/deepamehta-4.0.14-karaf/deepamehta-db/neostore.nodestore.db hit=0 miss=0 switches=0 ooe=0
2013-03-05 18:21:07.163+0000: /home/silke/Downloads/deepamehta-4.0.14-karaf/deepamehta-db/neostore hit=0 miss=8 switches=0 ooe=0
2013-03-05 18:21:07.169+0000: [/home/silke/Downloads/deepamehta-4.0.14-karaf/deepamehta-db/neostore.relationshiptypestore.db.names] brickCount=0 brickSize=0b mappedMem=0b (storeSize=38b)
2013-03-05 18:21:07.170+0000: [/home/silke/Downloads/deepamehta-4.0.14-karaf/deepamehta-db/neostore.relationshiptypestore.db] brickCount=0 brickSize=0b mappedMem=0b (storeSize=0b)
2013-03-05 18:21:07.170+0000: [/home/silke/Downloads/deepamehta-4.0.14-karaf/deepamehta-db/neostore.propertystore.db.strings] brickCount=0 brickSize=493824b mappedMem=493879296b (storeSize=128b)
2013-03-05 18:21:07.171+0000: [/home/silke/Downloads/deepamehta-4.0.14-karaf/deepamehta-db/neostore.propertystore.db.index.keys] brickCount=0 brickSize=1026b mappedMem=1048576b (storeSize=38b)
2013-03-05 18:21:07.171+0000: [/home/silke/Downloads/deepamehta-4.0.14-karaf/deepamehta-db/neostore.propertystore.db.index] brickCount=0 brickSize=10485b mappedMem=1048576b (storeSize=0b)
2013-03-05 18:21:07.172+0000: [/home/silke/Downloads/deepamehta-4.0.14-karaf/deepamehta-db/neostore.propertystore.db.arrays] brickCount=0 brickSize=559872b mappedMem=559939584b (storeSize=128b)
2013-03-05 18:21:07.173+0000: [/home/silke/Downloads/deepamehta-4.0.14-karaf/deepamehta-db/neostore.propertystore.db] brickCount=0 brickSize=5809085b mappedMem=580911104b (storeSize=0b)
2013-03-05 18:21:07.173+0000: [/home/silke/Downloads/deepamehta-4.0.14-karaf/deepamehta-db/neostore.relationshipstore.db] brickCount=0 brickSize=7119816b mappedMem=711983104b (storeSize=0b)
2013-03-05 18:21:07.174+0000: [/home/silke/Downloads/deepamehta-4.0.14-karaf/deepamehta-db/neostore.nodestore.db] brickCount=0 brickSize=161478b mappedMem=161480704b (storeSize=9b)
2013-03-05 18:21:07.174+0000: [/home/silke/Downloads/deepamehta-4.0.14-karaf/deepamehta-db/neostore] brickCount=0 brickSize=0b mappedMem=0b (storeSize=54b)
2013-03-05 18:21:07.193+0000: Opened logical log [/home/silke/Downloads/deepamehta-4.0.14-karaf/deepamehta-db/nioneo_logical.log.1] version=0, lastTxId=1 (clean)
2013-03-05 18:21:07.202+0000: TM new log: tm_tx_log.1
2013-03-05 18:21:07.224+0000: Opened logical log [/home/silke/Downloads/deepamehta-4.0.14-karaf/deepamehta-db/index/lucene.log.1] version=0, lastTxId=1 (clean)
2013-03-05 18:21:07.229+0000: --- STARTUP diagnostics START ---
2013-03-05 18:21:07.231+0000: Neo4j Kernel properties:
    forced_kernel_id=
    read_only=false
    neo4j.ext.udc.host=udc.neo4j.org
    logical_log=nioneo_logical.log
    node_auto_indexing=false
    intercept_committing_transactions=false
    cache_type=soft
    intercept_deserialized_transactions=false
    lucene_searcher_cache_size=2147483647
    neo4j.ext.udc.interval=86400000
    use_memory_mapped_buffers=true
    rebuild_idgenerators_fast=true
    neostore.propertystore.db.index.keys.mapped_memory=1M
    neostore.propertystore.db.arrays.mapped_memory=534M
    neostore.propertystore.db.strings.mapped_memory=471M
    log_mapped_memory_stats_filename=mapped_memory_stats.log
    log_mapped_memory_stats_interval=1000000
    gcr_cache_min_log_interval=60s
    relationship_grab_size=100
    relationship_auto_indexing=false
    node_cache_array_fraction=1.0
    allow_store_upgrade=false
    execution_guard_enabled=false
    relationship_cache_array_fraction=1.0
    remote_logging_host=127.0.0.1
    store_dir=/home/silke/Downloads/deepamehta-4.0.14-karaf/deepamehta-db
    online_backup_enabled=false
    remote_logging_port=4560
    gc_monitor_threshold=200ms
    array_block_size=120
    load_kernel_extensions=true
    neostore.relationshipstore.db.mapped_memory=679M
    keep_logical_logs=true
    dump_configuration=false
    gc_monitor_wait_time=100ms
    neostore.nodestore.db.mapped_memory=154M
    neo4j.ext.udc.first_delay=600000
    neo4j.ext.udc.reg=unreg
    ephemeral=false
    log_mapped_memory_stats=false
    neo_store=neostore
    mapped_memory_page_size=1M
    query_cache_size=100
    logging.threshold_for_rotation=104857600
    neostore.propertystore.db.index.mapped_memory=1M
    backup_slave=false
    neostore.propertystore.db.mapped_memory=554M
    string_block_size=120
    grab_file_lock=true
    remote_logging_enabled=false
    neo4j.ext.udc.enabled=true
    all_stores_total_mapped_memory_size=500M
    online_backup_port=6362
2013-03-05 18:21:07.236+0000: Diagnostics providers:
    org.neo4j.kernel.configuration.Config
    org.neo4j.kernel.info.DiagnosticsManager
    SYSTEM_MEMORY
    JAVA_MEMORY
    OPERATING_SYSTEM
    JAVA_VIRTUAL_MACHINE
    CLASSPATH
    LIBRARY_PATH
    SYSTEM_PROPERTIES
    LINUX_SCHEDULERS
    NETWORK
2013-03-05 18:21:07.237+0000: System memory information:
    Total Physical memory: 5,65 GB
    Free Physical memory: 2,33 GB
    Committed virtual memory: 994,24 MB
    Total swap space: 4,56 GB
    Free swap space: 4,56 GB
2013-03-05 18:21:07.249+0000: JVM memory information:
    Free  memory: 94,22 MB
    Total memory: 122,69 MB
    Max   memory: 455,13 MB
    Garbage Collector: PS Scavenge: [PS Eden Space, PS Survivor Space]
    Garbage Collector: PS MarkSweep: [PS Eden Space, PS Survivor Space, PS Old Gen, PS Perm Gen]
    Memory Pool: Code Cache (Non-heap memory): committed=2,44 MB, used=1,34 MB, max=48,00 MB, threshold=0,00 B
    Memory Pool: PS Eden Space (Heap memory): committed=32,00 MB, used=20,37 MB, max=160,00 MB, threshold=?
    Memory Pool: PS Survivor Space (Heap memory): committed=5,31 MB, used=3,91 MB, max=5,31 MB, threshold=?
    Memory Pool: PS Old Gen (Heap memory): committed=85,38 MB, used=4,18 MB, max=341,38 MB, threshold=0,00 B
    Memory Pool: PS Perm Gen (Non-heap memory): committed=36,88 MB, used=26,24 MB, max=166,00 MB, threshold=0,00 B
2013-03-05 18:21:07.254+0000: Operating system information:
    Operating System: Linux; version: 3.2.35; arch: amd64; cpus: 4
    Max number of file descriptors: 4096
    Number of open file descriptors: 164
    Process id: 4984@lovelace
    Byte order: LITTLE_ENDIAN
    Local timezone: Europe/Berlin
2013-03-05 18:21:07.256+0000: JVM information:
    VM Name: OpenJDK 64-Bit Server VM
    VM Vendor: Sun Microsystems Inc.
    VM Version: 20.0-b12
    JIT compiler: HotSpot 64-Bit Tiered Compilers
    VM Arguments: [-Xms128M, -Xmx512M, -Dcom.sun.management.jmxremote, -Djava.endorsed.dirs=/usr/lib/jvm/java-6-openjdk-amd64/jre/jre/lib/endorsed:/usr/lib/jvm/java-6-openjdk-amd64/jre/lib/endorsed:/home/silke/Downloads/deepamehta-4.0.14-karaf/lib/endorsed, -Djava.ext.dirs=/usr/lib/jvm/java-6-openjdk-amd64/jre/jre/lib/ext:/usr/lib/jvm/java-6-openjdk-amd64/jre/lib/ext:/home/silke/Downloads/deepamehta-4.0.14-karaf/lib/ext, -Dkaraf.instances=/home/silke/Downloads/deepamehta-4.0.14-karaf/instances, -Dkaraf.home=/home/silke/Downloads/deepamehta-4.0.14-karaf, -Dkaraf.base=/home/silke/Downloads/deepamehta-4.0.14-karaf, -Dkaraf.data=/home/silke/Downloads/deepamehta-4.0.14-karaf/data, -Djava.io.tmpdir=/home/silke/Downloads/deepamehta-4.0.14-karaf/data/tmp, -Djava.util.logging.config.file=/home/silke/Downloads/deepamehta-4.0.14-karaf/etc/java.util.logging.properties, -Dkaraf.startLocalConsole=true, -Dkaraf.startRemoteShell=true]
2013-03-05 18:21:07.257+0000: Java classpath:
     [bootstrap] /usr/lib/jvm/java-6-openjdk-amd64/jre/lib/sunrsasign.jar
     [loader.3] file:/usr/lib/jvm/java-6-openjdk-common/jre/lib/ext/localedata.jar
     [loader.3] file:/usr/lib/jvm/java-6-openjdk-common/jre/lib/ext/pulse-java.jar
     [loader.3] file:/usr/lib/jvm/java-6-openjdk-common/jre/lib/ext/sunjce_provider.jar
     [loader.1] file:/home/silke/Downloads/deepamehta-4.0.14-karaf/lib/dm4shell.jar
     [bootstrap] /usr/lib/jvm/java-6-openjdk-amd64/jre/lib/netx.jar
     [loader.2] file:/home/silke/Downloads/deepamehta-4.0.14-karaf/lib/karaf.jar
     [bootstrap] /usr/lib/jvm/java-6-openjdk-amd64/jre/lib/charsets.jar
     [bootstrap] /home/silke/Downloads/deepamehta-4.0.14-karaf/lib/endorsed/org.apache.karaf.exception-2.2.9.jar
     [bootstrap] /usr/lib/jvm/java-6-openjdk-amd64/jre/lib/rt.jar
     [loader.2] file:/home/silke/Downloads/deepamehta-4.0.14-karaf/lib/karaf-jaas-boot.jar
     [loader.3] file:/usr/lib/jvm/java-6-openjdk-common/jre/lib/ext/sunpkcs11.jar
     [bootstrap] /usr/lib/jvm/java-6-openjdk-amd64/jre/classes
     [loader.3] file:/home/silke/Downloads/deepamehta-4.0.14-karaf/lib/ext/README
     [bootstrap] /usr/lib/jvm/java-6-openjdk-amd64/jre/lib/rhino.jar
     [bootstrap] /usr/lib/jvm/java-6-openjdk-amd64/jre/lib/modules/jdk.boot.jar
     [loader.3] file:/usr/lib/x86_64-linux-gnu/jni/libatk-wrapper.so.0.0.18
     [bootstrap] /usr/lib/jvm/java-6-openjdk-amd64/jre/lib/jce.jar
     [loader.1] file:/home/silke/Downloads/deepamehta-4.0.14-karaf/system/org/apache/felix/org.apache.felix.framework/3.2.2/org.apache.felix.framework-3.2.2.jar
     [loader.3] file:/usr/lib/jvm/java-6-openjdk-common/jre/lib/ext/dnsns.jar
     [bootstrap] /usr/lib/jvm/java-6-openjdk-amd64/jre/lib/plugin.jar
     [loader.3] file:/usr/share/java/java-atk-wrapper.jar
     [bootstrap] /usr/lib/jvm/java-6-openjdk-amd64/jre/lib/jsse.jar
     [bootstrap] /usr/lib/jvm/java-6-openjdk-common/jre/lib/resources.jar
2013-03-05 18:21:07.260+0000: Library path:
    /usr/lib/jvm/java-6-openjdk-amd64/jre/lib/amd64/server
    /usr/lib/jvm/java-6-openjdk-amd64/jre/lib/amd64
    /usr/lib/jvm/java-6-openjdk-amd64/lib/amd64
    /home/silke/Downloads/deepamehta-4.0.14-karaf
    /home/silke/Downloads/deepamehta-4.0.14-karaf/lib
    /home/silke/Downloads/deepamehta-4.0.14-karaf/lib
    /usr/java/packages/lib/amd64
    /usr/lib/x86_64-linux-gnu/jni
    /lib/x86_64-linux-gnu
    /usr/lib/x86_64-linux-gnu
    /usr/lib/jni
    /lib
    /usr/lib
2013-03-05 18:21:07.262+0000: System.properties:
    sun.java.launcher = SUN_STANDARD
    sun.management.compiler = HotSpot 64-Bit Tiered Compilers
    karaf.instances = /home/silke/Downloads/deepamehta-4.0.14-karaf/instances
    sun.desktop = gnome
    com.sun.management.jmxremote = 
    user.name = silke
    karaf.startLocalConsole = true
    karaf.home = /home/silke/Downloads/deepamehta-4.0.14-karaf
    dm4.host.url = http://localhost:8080/
    user.language = de
    sun.boot.library.path = /usr/lib/jvm/java-6-openjdk-amd64/jre/lib/amd64
    user.timezone = Europe/Berlin
    sun.arch.data.model = 64
    sun.cpu.isalist = 
    sun.jnu.encoding = UTF-8
    file.encoding.pkg = sun.io
    file.separator = /
    user.country = DE
    karaf.version = 2.2.9
    karaf.data = /home/silke/Downloads/deepamehta-4.0.14-karaf/data
    org.eclipse.jetty.util.log.class = org.eclipse.jetty.util.log.JavaUtilLog
    path.separator = :
    karaf.admin.role = admin
    sun.io.unicode.encoding = UnicodeLittle
    jline.nobell = true
    karaf.base = /home/silke/Downloads/deepamehta-4.0.14-karaf
    dm4.database.path = /home/silke/Downloads/deepamehta-4.0.14-karaf/deepamehta-db
    user.home = /home/silke
    sun.java.command = org.apache.karaf.main.Main
    karaf.default.repository = system
    karaf.shell.init.script = /home/silke/Downloads/deepamehta-4.0.14-karaf/etc/shell.init.script
    dm4.security.write_requires_login = true
    karaf.restart = false
    karaf.startRemoteShell = true
    dm4.filerepo.path = /home/silke/Downloads/deepamehta-4.0.14-karaf/deepamehta-files
    sun.cpu.endian = little
    sun.os.patch.level = unknown
    xml.catalog.files = 
    dm4.security.read_requires_login = true
    org.ops4j.pax.logging.DefaultServiceLog.level = ERROR
    karaf.name = deepamehta
    user.dir = /home/silke/Downloads/deepamehta-4.0.14-karaf
    org.osgi.framework.system.packages.extra = org.apache.karaf.branding
    file.encoding = UTF-8
    dm4.security.subnet_filter = 0.0.0.0/0
2013-03-05 18:21:07.264+0000: Linux scheduler information:
    noop deadline [cfq] 
    none
    none
    none
    none
    none
    none
    none
    none
    none
    none
    none
2013-03-05 18:21:07.268+0000: Network information:
    Interface wlan0:
        address: fe80:0:0:0:223:14ff:feb1:32ec%3
        address: 172.17.9.172
    Interface lo:
        address: 0:0:0:0:0:0:0:1%1
        address: 127.0.0.1
2013-03-05 18:21:07.271+0000: --- STARTUP diagnostics END ---
2013-03-05 18:21:07.275+0000: Recovery completed, all transactions have been resolved to a consistent state.
2013-03-05 18:21:07.280+0000: --- STARTUP diagnostics for KernelDiagnostics:Versions START ---
2013-03-05 18:21:07.280+0000: Graph Database: org.neo4j.kernel.EmbeddedGraphDatabase StoreId[time:1362507667031, id:8757082842400090591, store version: 13561656364791302]
2013-03-05 18:21:07.282+0000: Kernel version: neo4j-kernel 1.8.1
2013-03-05 18:21:07.282+0000: Neo4j component versions:
2013-03-05 18:21:07.283+0000:   neo4j-kernel 1.8.1
2013-03-05 18:21:07.283+0000: --- STARTUP diagnostics for KernelDiagnostics:Versions END ---
2013-03-05 18:21:07.286+0000: --- STARTUP diagnostics for NEO_STORE_VERSIONS START ---
2013-03-05 18:21:07.286+0000: Store versions:
    Store versions:
      NeoStore v0.A.0
      NodeStore v0.A.0
      RelationshipStore v0.A.0
      RelationshipTypeStore v0.A.0
      PropertyStore v0.A.0
      PropertyIndexStore v0.A.0
      StringPropertyStore v0.A.0
      ArrayPropertyStore v0.A.0
2013-03-05 18:21:07.287+0000: --- STARTUP diagnostics for NEO_STORE_VERSIONS END ---
2013-03-05 18:21:07.287+0000: --- STARTUP diagnostics for NEO_STORE_ID_USAGE START ---
2013-03-05 18:21:07.287+0000: Id usage:
    Id usage:
      NodeStore: used=1 high=0
      RelationshipStore: used=0 high=-1
      RelationshipTypeStore: used=0 high=-1
      PropertyStore: used=0 high=-1
      PropertyIndexStore: used=0 high=-1
      StringPropertyStore: used=1 high=0
      ArrayPropertyStore: used=1 high=0
2013-03-05 18:21:07.288+0000: --- STARTUP diagnostics for NEO_STORE_ID_USAGE END ---
2013-03-05 18:21:07.289+0000: --- STARTUP diagnostics for PERSISTENCE_WINDOW_POOL_STATS START ---
2013-03-05 18:21:07.289+0000: --- STARTUP diagnostics for PERSISTENCE_WINDOW_POOL_STATS END ---
2013-03-05 18:21:07.289+0000: --- STARTUP diagnostics for KernelDiagnostics:StoreFiles START ---
2013-03-05 18:21:07.290+0000: Disk space on partition (Total / Free / Free %): 113070931968 / 22443618304 / 80
Storage files: (filename : modification date - size)
      neostore.propertystore.db.arrays.id: 2013-03-05T19:21:07+0100 - 9,00 B
      neostore.relationshiptypestore.db.names: 2013-03-05T19:21:07+0100 - 38,00 B
      neostore.propertystore.db.id: 2013-03-05T19:21:07+0100 - 9,00 B
      neostore.relationshipstore.db.id: 2013-03-05T19:21:07+0100 - 9,00 B
      neostore.propertystore.db.strings.id: 2013-03-05T19:21:07+0100 - 9,00 B
      nioneo_logical.log.1: 2013-03-05T19:21:07+0100 - 16,00 B
      neostore.propertystore.db: 2013-03-05T19:21:07+0100 - 0,00 B
      neostore.relationshipstore.db: 2013-03-05T19:21:07+0100 - 0,00 B
      lock: 2013-03-05T19:21:07+0100 - 0,00 B
      neostore.id: 2013-03-05T19:21:07+0100 - 9,00 B
      neostore.propertystore.db.index.id: 2013-03-05T19:21:07+0100 - 9,00 B
      neostore.propertystore.db.index.keys: 2013-03-05T19:21:07+0100 - 38,00 B
      neostore.propertystore.db.strings: 2013-03-05T19:21:07+0100 - 128,00 B
      neostore.nodestore.db: 2013-03-05T19:21:07+0100 - 9,00 B
      active_tx_log: 2013-03-05T19:21:07+0100 - 11,00 B
      index:
        lucene.log.active: 2013-03-05T19:21:07+0100 - 4,00 B
        lucene.log.1: 2013-03-05T19:21:07+0100 - 16,00 B
        lucene-store.db: 2013-03-05T19:21:07+0100 - 40,00 B
      - Total: 2013-03-05T19:21:07+0100 - 60,00 B
      neostore.relationshiptypestore.db.names.id: 2013-03-05T19:21:07+0100 - 9,00 B
      neostore.propertystore.db.index: 2013-03-05T19:21:07+0100 - 0,00 B
      neostore.nodestore.db.id: 2013-03-05T19:21:07+0100 - 9,00 B
      neostore.relationshiptypestore.db.id: 2013-03-05T19:21:07+0100 - 9,00 B
      messages.log: 2013-03-05T19:21:07+0100 - 17,93 kB
      neostore.propertystore.db.arrays: 2013-03-05T19:21:07+0100 - 128,00 B
      neostore.propertystore.db.index.keys.id: 2013-03-05T19:21:07+0100 - 9,00 B
      nioneo_logical.log.active: 2013-03-05T19:21:07+0100 - 4,00 B
      neostore: 2013-03-05T19:21:07+0100 - 54,00 B
      tm_tx_log.1: 2013-03-05T19:21:07+0100 - 0,00 B
      neostore.relationshiptypestore.db: 2013-03-05T19:21:07+0100 - 0,00 B
2013-03-05 18:21:07.304+0000: --- STARTUP diagnostics for KernelDiagnostics:StoreFiles END ---
2013-03-05 18:21:07.305+0000: Started - database is now available
2013-03-05 18:21:07.326+0000: GC Monitor started. 
2013-03-05 18:27:17.329+0000: Stopping - database is now unavailable
2013-03-05 18:27:17.332+0000: TM shutting down
2013-03-05 18:27:17.392+0000: GC Monitor stopped. 
2013-03-05 18:27:17.424+0000: Closed log /home/silke/Downloads/deepamehta-4.0.14-karaf/deepamehta-db/index/lucene.log
2013-03-05 18:27:17.440+0000: Closed log /home/silke/Downloads/deepamehta-4.0.14-karaf/deepamehta-db/nioneo_logical.log
2013-03-05 18:27:17.441+0000: /home/silke/Downloads/deepamehta-4.0.14-karaf/deepamehta-db/neostore.relationshiptypestore.db.names hit=0 miss=14 switches=0 ooe=0
2013-03-05 18:27:17.444+0000: /home/silke/Downloads/deepamehta-4.0.14-karaf/deepamehta-db/neostore.relationshiptypestore.db hit=0 miss=14 switches=0 ooe=0
2013-03-05 18:27:17.447+0000: /home/silke/Downloads/deepamehta-4.0.14-karaf/deepamehta-db/neostore.propertystore.db.strings hit=120 miss=0 switches=0 ooe=0
2013-03-05 18:27:17.450+0000: /home/silke/Downloads/deepamehta-4.0.14-karaf/deepamehta-db/neostore.propertystore.db.index.keys hit=8 miss=0 switches=0 ooe=0
2013-03-05 18:27:17.454+0000: /home/silke/Downloads/deepamehta-4.0.14-karaf/deepamehta-db/neostore.propertystore.db.index hit=8 miss=0 switches=0 ooe=0
2013-03-05 18:27:17.457+0000: /home/silke/Downloads/deepamehta-4.0.14-karaf/deepamehta-db/neostore.propertystore.db.arrays hit=0 miss=0 switches=0 ooe=0
2013-03-05 18:27:17.460+0000: /home/silke/Downloads/deepamehta-4.0.14-karaf/deepamehta-db/neostore.propertystore.db hit=5555 miss=0 switches=0 ooe=0
2013-03-05 18:27:17.463+0000: /home/silke/Downloads/deepamehta-4.0.14-karaf/deepamehta-db/neostore.relationshipstore.db hit=4922 miss=0 switches=0 ooe=0
2013-03-05 18:27:17.467+0000: /home/silke/Downloads/deepamehta-4.0.14-karaf/deepamehta-db/neostore.nodestore.db hit=3229 miss=0 switches=0 ooe=0
2013-03-05 18:27:17.470+0000: /home/silke/Downloads/deepamehta-4.0.14-karaf/deepamehta-db/neostore hit=0 miss=48 switches=0 ooe=0
2013-03-05 18:27:17.472+0000: NeoStore closed
2013-03-05 18:27:17.473+0000: --- SHUTDOWN diagnostics START ---
2013-03-05 18:27:17.473+0000: --- SHUTDOWN diagnostics END ---
2013-03-05 18:28:07.590+0000: WARNING! Deprecated configuration options used. See manual for details
2013-03-05 18:28:07.591+0000: cannot configure writers and searchers individually since they go together
2013-03-05 18:28:07.592+0000: WARNING! You are using an unsupported Java runtime. Please use JDK 6.
2013-03-05 18:28:07.758+0000: [/home/silke/Downloads/deepamehta-4.0.14-karaf/deepamehta-db/neostore.relationshiptypestore.db.names] brickCount=0 brickSize=0b mappedMem=0b (storeSize=570b)
2013-03-05 18:28:07.762+0000: [/home/silke/Downloads/deepamehta-4.0.14-karaf/deepamehta-db/neostore.relationshiptypestore.db] brickCount=0 brickSize=0b mappedMem=0b (storeSize=70b)
2013-03-05 18:28:07.763+0000: [/home/silke/Downloads/deepamehta-4.0.14-karaf/deepamehta-db/neostore.propertystore.db.strings] brickCount=0 brickSize=493824b mappedMem=493879296b (storeSize=15104b)
2013-03-05 18:28:07.764+0000: [/home/silke/Downloads/deepamehta-4.0.14-karaf/deepamehta-db/neostore.propertystore.db.index.keys] brickCount=0 brickSize=1026b mappedMem=1048576b (storeSize=342b)
2013-03-05 18:28:07.766+0000: [/home/silke/Downloads/deepamehta-4.0.14-karaf/deepamehta-db/neostore.propertystore.db.index] brickCount=0 brickSize=1044b mappedMem=1048576b (storeSize=72b)
2013-03-05 18:28:07.768+0000: [/home/silke/Downloads/deepamehta-4.0.14-karaf/deepamehta-db/neostore.propertystore.db.arrays] brickCount=0 brickSize=559872b mappedMem=559939584b (storeSize=128b)
2013-03-05 18:28:07.772+0000: [/home/silke/Downloads/deepamehta-4.0.14-karaf/deepamehta-db/neostore.propertystore.db] brickCount=0 brickSize=580888b mappedMem=580911104b (storeSize=222138b)
2013-03-05 18:28:07.775+0000: [/home/silke/Downloads/deepamehta-4.0.14-karaf/deepamehta-db/neostore.relationshipstore.db] brickCount=0 brickSize=711975b mappedMem=711983104b (storeSize=142758b)
2013-03-05 18:28:07.778+0000: [/home/silke/Downloads/deepamehta-4.0.14-karaf/deepamehta-db/neostore.nodestore.db] brickCount=0 brickSize=161478b mappedMem=161480704b (storeSize=22770b)
2013-03-05 18:28:07.779+0000: [/home/silke/Downloads/deepamehta-4.0.14-karaf/deepamehta-db/neostore] brickCount=0 brickSize=0b mappedMem=0b (storeSize=54b)
2013-03-05 18:28:07.826+0000: Opened logical log [/home/silke/Downloads/deepamehta-4.0.14-karaf/deepamehta-db/nioneo_logical.log.1] version=1, lastTxId=37 (clean)
2013-03-05 18:28:07.834+0000: TM opening log: /home/silke/Downloads/deepamehta-4.0.14-karaf/deepamehta-db/tm_tx_log.1
2013-03-05 18:28:07.890+0000: Opened logical log [/home/silke/Downloads/deepamehta-4.0.14-karaf/deepamehta-db/index/lucene.log.1] version=1, lastTxId=25 (clean)
2013-03-05 18:28:07.895+0000: --- STARTUP diagnostics START ---
2013-03-05 18:28:07.897+0000: Neo4j Kernel properties:
    forced_kernel_id=
    read_only=false
    neo4j.ext.udc.host=udc.neo4j.org
    logical_log=nioneo_logical.log
    node_auto_indexing=false
    intercept_committing_transactions=false
    cache_type=soft
    intercept_deserialized_transactions=false
    lucene_searcher_cache_size=2147483647
    neo4j.ext.udc.interval=86400000
    use_memory_mapped_buffers=true
    rebuild_idgenerators_fast=true
    neostore.propertystore.db.index.keys.mapped_memory=1M
    neostore.propertystore.db.arrays.mapped_memory=534M
    neostore.propertystore.db.strings.mapped_memory=471M
    log_mapped_memory_stats_filename=mapped_memory_stats.log
    log_mapped_memory_stats_interval=1000000
    gcr_cache_min_log_interval=60s
    relationship_grab_size=100
    relationship_auto_indexing=false
    node_cache_array_fraction=1.0
    allow_store_upgrade=false
    execution_guard_enabled=false
    relationship_cache_array_fraction=1.0
    remote_logging_host=127.0.0.1
    store_dir=/home/silke/Downloads/deepamehta-4.0.14-karaf/deepamehta-db
    online_backup_enabled=false
    remote_logging_port=4560
    gc_monitor_threshold=200ms
    array_block_size=120
    load_kernel_extensions=true
    neostore.relationshipstore.db.mapped_memory=679M
    keep_logical_logs=true
    dump_configuration=false
    gc_monitor_wait_time=100ms
    neostore.nodestore.db.mapped_memory=154M
    neo4j.ext.udc.first_delay=600000
    neo4j.ext.udc.reg=unreg
    ephemeral=false
    log_mapped_memory_stats=false
    neo_store=neostore
    mapped_memory_page_size=1M
    query_cache_size=100
    logging.threshold_for_rotation=104857600
    neostore.propertystore.db.index.mapped_memory=1M
    backup_slave=false
    neostore.propertystore.db.mapped_memory=554M
    string_block_size=120
    grab_file_lock=true
    remote_logging_enabled=false
    neo4j.ext.udc.enabled=true
    all_stores_total_mapped_memory_size=500M
    online_backup_port=6362
2013-03-05 18:28:07.902+0000: Diagnostics providers:
    org.neo4j.kernel.configuration.Config
    org.neo4j.kernel.info.DiagnosticsManager
    SYSTEM_MEMORY
    JAVA_MEMORY
    OPERATING_SYSTEM
    JAVA_VIRTUAL_MACHINE
    CLASSPATH
    LIBRARY_PATH
    SYSTEM_PROPERTIES
    LINUX_SCHEDULERS
    NETWORK
2013-03-05 18:28:07.903+0000: System memory information:
    Total Physical memory: 5,65 GB
    Free Physical memory: 2,13 GB
    Committed virtual memory: 1004,89 MB
    Total swap space: 4,56 GB
    Free swap space: 4,56 GB
2013-03-05 18:28:07.938+0000: JVM memory information:
    Free  memory: 129,09 MB
    Total memory: 154,69 MB
    Max   memory: 455,13 MB
    Garbage Collector: PS Scavenge: [PS Eden Space, PS Survivor Space]
    Garbage Collector: PS MarkSweep: [PS Eden Space, PS Survivor Space, PS Old Gen, PS Perm Gen]
    Memory Pool: Code Cache (Non-heap memory): committed=2,44 MB, used=1014,63 kB, max=48,00 MB, threshold=0,00 B
    Memory Pool: PS Eden Space (Heap memory): committed=64,00 MB, used=18,42 MB, max=160,00 MB, threshold=?
    Memory Pool: PS Survivor Space (Heap memory): committed=5,31 MB, used=1,92 MB, max=5,31 MB, threshold=?
    Memory Pool: PS Old Gen (Heap memory): committed=85,38 MB, used=5,26 MB, max=341,38 MB, threshold=0,00 B
    Memory Pool: PS Perm Gen (Non-heap memory): committed=39,94 MB, used=25,38 MB, max=166,00 MB, threshold=0,00 B
2013-03-05 18:28:07.947+0000: Operating system information:
    Operating System: Linux; version: 3.2.35; arch: amd64; cpus: 4
    Max number of file descriptors: 4096
    Number of open file descriptors: 164
    Process id: 5743@lovelace
    Byte order: LITTLE_ENDIAN
    Local timezone: Europe/Berlin
2013-03-05 18:28:07.949+0000: JVM information:
    VM Name: OpenJDK 64-Bit Server VM
    VM Vendor: Sun Microsystems Inc.
    VM Version: 20.0-b12
    JIT compiler: HotSpot 64-Bit Tiered Compilers
    VM Arguments: [-Xms128M, -Xmx512M, -Dcom.sun.management.jmxremote, -Djava.endorsed.dirs=/usr/lib/jvm/java-6-openjdk-amd64/jre/jre/lib/endorsed:/usr/lib/jvm/java-6-openjdk-amd64/jre/lib/endorsed:/home/silke/Downloads/deepamehta-4.0.14-karaf/lib/endorsed, -Djava.ext.dirs=/usr/lib/jvm/java-6-openjdk-amd64/jre/jre/lib/ext:/usr/lib/jvm/java-6-openjdk-amd64/jre/lib/ext:/home/silke/Downloads/deepamehta-4.0.14-karaf/lib/ext, -Dkaraf.instances=/home/silke/Downloads/deepamehta-4.0.14-karaf/instances, -Dkaraf.home=/home/silke/Downloads/deepamehta-4.0.14-karaf, -Dkaraf.base=/home/silke/Downloads/deepamehta-4.0.14-karaf, -Dkaraf.data=/home/silke/Downloads/deepamehta-4.0.14-karaf/data, -Djava.io.tmpdir=/home/silke/Downloads/deepamehta-4.0.14-karaf/data/tmp, -Djava.util.logging.config.file=/home/silke/Downloads/deepamehta-4.0.14-karaf/etc/java.util.logging.properties, -Dkaraf.startLocalConsole=false, -Dkaraf.startRemoteShell=true]
2013-03-05 18:28:07.950+0000: Java classpath:
     [bootstrap] /usr/lib/jvm/java-6-openjdk-amd64/jre/lib/sunrsasign.jar
     [loader.3] file:/usr/lib/jvm/java-6-openjdk-common/jre/lib/ext/localedata.jar
     [loader.3] file:/usr/lib/jvm/java-6-openjdk-common/jre/lib/ext/pulse-java.jar
     [loader.3] file:/usr/lib/jvm/java-6-openjdk-common/jre/lib/ext/sunjce_provider.jar
     [loader.1] file:/home/silke/Downloads/deepamehta-4.0.14-karaf/lib/dm4shell.jar
     [bootstrap] /usr/lib/jvm/java-6-openjdk-amd64/jre/lib/netx.jar
     [loader.2] file:/home/silke/Downloads/deepamehta-4.0.14-karaf/lib/karaf.jar
     [bootstrap] /usr/lib/jvm/java-6-openjdk-amd64/jre/lib/charsets.jar
     [bootstrap] /home/silke/Downloads/deepamehta-4.0.14-karaf/lib/endorsed/org.apache.karaf.exception-2.2.9.jar
     [bootstrap] /usr/lib/jvm/java-6-openjdk-amd64/jre/lib/rt.jar
     [loader.2] file:/home/silke/Downloads/deepamehta-4.0.14-karaf/lib/karaf-jaas-boot.jar
     [loader.3] file:/usr/lib/jvm/java-6-openjdk-common/jre/lib/ext/sunpkcs11.jar
     [bootstrap] /usr/lib/jvm/java-6-openjdk-amd64/jre/classes
     [loader.3] file:/home/silke/Downloads/deepamehta-4.0.14-karaf/lib/ext/README
     [bootstrap] /usr/lib/jvm/java-6-openjdk-amd64/jre/lib/rhino.jar
     [bootstrap] /usr/lib/jvm/java-6-openjdk-amd64/jre/lib/modules/jdk.boot.jar
     [loader.3] file:/usr/lib/x86_64-linux-gnu/jni/libatk-wrapper.so.0.0.18
     [bootstrap] /usr/lib/jvm/java-6-openjdk-amd64/jre/lib/jce.jar
     [loader.1] file:/home/silke/Downloads/deepamehta-4.0.14-karaf/system/org/apache/felix/org.apache.felix.framework/3.2.2/org.apache.felix.framework-3.2.2.jar
     [loader.3] file:/usr/lib/jvm/java-6-openjdk-common/jre/lib/ext/dnsns.jar
     [bootstrap] /usr/lib/jvm/java-6-openjdk-amd64/jre/lib/plugin.jar
     [loader.3] file:/usr/share/java/java-atk-wrapper.jar
     [bootstrap] /usr/lib/jvm/java-6-openjdk-amd64/jre/lib/jsse.jar
     [bootstrap] /usr/lib/jvm/java-6-openjdk-common/jre/lib/resources.jar
2013-03-05 18:28:07.953+0000: Library path:
    /usr/lib/jvm/java-6-openjdk-amd64/jre/lib/amd64/server
    /usr/lib/jvm/java-6-openjdk-amd64/jre/lib/amd64
    /usr/lib/jvm/java-6-openjdk-amd64/lib/amd64
    /home/silke/Downloads/deepamehta-4.0.14-karaf
    /home/silke/Downloads/deepamehta-4.0.14-karaf/lib
    /home/silke/Downloads/deepamehta-4.0.14-karaf/lib
    /usr/java/packages/lib/amd64
    /usr/lib/x86_64-linux-gnu/jni
    /lib/x86_64-linux-gnu
    /usr/lib/x86_64-linux-gnu
    /usr/lib/jni
    /lib
    /usr/lib
2013-03-05 18:28:07.955+0000: System.properties:
    sun.java.launcher = SUN_STANDARD
    sun.management.compiler = HotSpot 64-Bit Tiered Compilers
    karaf.instances = /home/silke/Downloads/deepamehta-4.0.14-karaf/instances
    sun.desktop = gnome
    com.sun.management.jmxremote = 
    user.name = silke
    karaf.startLocalConsole = false
    karaf.home = /home/silke/Downloads/deepamehta-4.0.14-karaf
    dm4.host.url = http://localhost:8080/
    user.language = de
    sun.boot.library.path = /usr/lib/jvm/java-6-openjdk-amd64/jre/lib/amd64
    user.timezone = Europe/Berlin
    sun.arch.data.model = 64
    sun.cpu.isalist = 
    sun.jnu.encoding = UTF-8
    file.encoding.pkg = sun.io
    file.separator = /
    user.country = DE
    karaf.version = 2.2.9
    karaf.data = /home/silke/Downloads/deepamehta-4.0.14-karaf/data
    org.eclipse.jetty.util.log.class = org.eclipse.jetty.util.log.JavaUtilLog
    path.separator = :
    karaf.admin.role = admin
    sun.io.unicode.encoding = UnicodeLittle
    jline.nobell = true
    karaf.base = /home/silke/Downloads/deepamehta-4.0.14-karaf
    dm4.database.path = /home/silke/Downloads/deepamehta-4.0.14-karaf/deepamehta-db
    user.home = /home/silke
    sun.java.command = org.apache.karaf.main.Main
    karaf.default.repository = system
    karaf.shell.init.script = /home/silke/Downloads/deepamehta-4.0.14-karaf/etc/shell.init.script
    dm4.security.write_requires_login = true
    karaf.restart = false
    karaf.startRemoteShell = true
    dm4.filerepo.path = /home/silke/Downloads/deepamehta-4.0.14-karaf/deepamehta-files
    sun.cpu.endian = little
    sun.os.patch.level = unknown
    xml.catalog.files = 
    dm4.security.read_requires_login = true
    org.ops4j.pax.logging.DefaultServiceLog.level = ERROR
    karaf.name = deepamehta
    user.dir = /home/silke/Downloads/deepamehta-4.0.14-karaf
    org.osgi.framework.system.packages.extra = org.apache.karaf.branding
    file.encoding = UTF-8
    dm4.security.subnet_filter = 0.0.0.0/0
2013-03-05 18:28:07.957+0000: Linux scheduler information:
    noop deadline [cfq] 
    none
    none
    none
    none
    none
    none
    none
    none
    none
    none
    none
2013-03-05 18:28:07.962+0000: Network information:
    Interface wlan0:
        address: fe80:0:0:0:223:14ff:feb1:32ec%3
        address: 172.17.9.172
    Interface lo:
        address: 0:0:0:0:0:0:0:1%1
        address: 127.0.0.1
2013-03-05 18:28:07.965+0000: --- STARTUP diagnostics END ---
2013-03-05 18:28:07.973+0000: Recovery completed, all transactions have been resolved to a consistent state.
2013-03-05 18:28:08.008+0000: --- STARTUP diagnostics for KernelDiagnostics:Versions START ---
2013-03-05 18:28:08.008+0000: Graph Database: org.neo4j.kernel.EmbeddedGraphDatabase StoreId[time:1362507667031, id:8757082842400090591, store version: 13561656364791302]
2013-03-05 18:28:08.010+0000: Kernel version: neo4j-kernel 1.8.1
2013-03-05 18:28:08.011+0000: Neo4j component versions:
2013-03-05 18:28:08.011+0000:   neo4j-kernel 1.8.1
2013-03-05 18:28:08.012+0000: --- STARTUP diagnostics for KernelDiagnostics:Versions END ---
2013-03-05 18:28:08.026+0000: --- STARTUP diagnostics for NEO_STORE_VERSIONS START ---
2013-03-05 18:28:08.027+0000: Store versions:
    Store versions:
      NeoStore v0.A.0
      NodeStore v0.A.0
      RelationshipStore v0.A.0
      RelationshipTypeStore v0.A.0
      PropertyStore v0.A.0
      PropertyIndexStore v0.A.0
      StringPropertyStore v0.A.0
      ArrayPropertyStore v0.A.0
2013-03-05 18:28:08.027+0000: --- STARTUP diagnostics for NEO_STORE_VERSIONS END ---
2013-03-05 18:28:08.027+0000: --- STARTUP diagnostics for NEO_STORE_ID_USAGE START ---
2013-03-05 18:28:08.028+0000: Id usage:
    Id usage:
      NodeStore: used=2530 high=2529
      RelationshipStore: used=4326 high=4325
      RelationshipTypeStore: used=14 high=13
      PropertyStore: used=5418 high=5417
      PropertyIndexStore: used=8 high=7
      StringPropertyStore: used=118 high=117
      ArrayPropertyStore: used=1 high=0
2013-03-05 18:28:08.029+0000: --- STARTUP diagnostics for NEO_STORE_ID_USAGE END ---
2013-03-05 18:28:08.029+0000: --- STARTUP diagnostics for PERSISTENCE_WINDOW_POOL_STATS START ---
2013-03-05 18:28:08.030+0000: --- STARTUP diagnostics for PERSISTENCE_WINDOW_POOL_STATS END ---
2013-03-05 18:28:08.030+0000: --- STARTUP diagnostics for KernelDiagnostics:StoreFiles START ---
2013-03-05 18:28:08.031+0000: Disk space on partition (Total / Free / Free %): 113070931968 / 22438060032 / 80
Storage files: (filename : modification date - size)
      neostore.propertystore.db.arrays.id: 2013-03-05T19:28:07+0100 - 9,00 B
      neostore.relationshiptypestore.db.names: 2013-03-05T19:28:07+0100 - 570,00 B
      neostore.propertystore.db.id: 2013-03-05T19:28:07+0100 - 9,00 B
      neostore.relationshipstore.db.id: 2013-03-05T19:28:07+0100 - 9,00 B
      neostore.propertystore.db.strings.id: 2013-03-05T19:28:07+0100 - 9,00 B
      nioneo_logical.log.1: 2013-03-05T19:28:07+0100 - 16,00 B
      neostore.propertystore.db: 2013-03-05T19:28:07+0100 - 216,93 kB
      neostore.relationshipstore.db: 2013-03-05T19:28:07+0100 - 139,41 kB
      lock: 2013-03-05T19:28:07+0100 - 0,00 B
      neostore.id: 2013-03-05T19:28:07+0100 - 9,00 B
      neostore.propertystore.db.index.id: 2013-03-05T19:28:07+0100 - 9,00 B
      neostore.propertystore.db.index.keys: 2013-03-05T19:28:07+0100 - 1,00 kB
      neostore.propertystore.db.strings: 2013-03-05T19:28:07+0100 - 14,75 kB
      neostore.nodestore.db: 2013-03-05T19:28:07+0100 - 22,24 kB
      active_tx_log: 2013-03-05T19:21:07+0100 - 11,00 B
      index:
        lucene.log.active: 2013-03-05T19:28:07+0100 - 4,00 B
        lucene:
          node:
            assoc-metadata:
              _k.frq: 2013-03-05T19:24:23+0100 - 33,13 kB
              _k.fdt: 2013-03-05T19:24:23+0100 - 317,92 kB
              _k.prx: 2013-03-05T19:24:23+0100 - 23,24 kB
              segments_1: 2013-03-05T19:27:17+0100 - 247,00 B
              _k.fnm: 2013-03-05T19:24:23+0100 - 166,00 B
              _k.tii: 2013-03-05T19:24:23+0100 - 669,00 B
              _k.fdx: 2013-03-05T19:24:23+0100 - 16,90 kB
              _k.nrm: 2013-03-05T19:24:23+0100 - 23,24 kB
              segments.gen: 2013-03-05T19:27:17+0100 - 20,00 B
              _k.tis: 2013-03-05T19:24:23+0100 - 42,82 kB
            - Total: 2013-03-05T19:27:17+0100 - 458,33 kB
            assoc-content-exact:
              _k.frq: 2013-03-05T19:27:17+0100 - 9,32 kB
              _k.fdt: 2013-03-05T19:27:17+0100 - 73,91 kB
              _k.prx: 2013-03-05T19:27:17+0100 - 6,34 kB
              segments_1: 2013-03-05T19:27:17+0100 - 247,00 B
              _k.fnm: 2013-03-05T19:27:17+0100 - 27,00 B
              _k.tii: 2013-03-05T19:27:17+0100 - 243,00 B
              _k.fdx: 2013-03-05T19:27:17+0100 - 16,90 kB
              _k.nrm: 2013-03-05T19:27:17+0100 - 6,34 kB
              segments.gen: 2013-03-05T19:27:17+0100 - 20,00 B
              _k.tis: 2013-03-05T19:27:17+0100 - 14,98 kB
            - Total: 2013-03-05T19:27:17+0100 - 128,32 kB
            topic-content-fulltext:
              _1.tis: 2013-03-05T19:21:19+0100 - 51,00 B
              _0.fdx: 2013-03-05T19:21:17+0100 - 12,00 B
              _2.fdt: 2013-03-05T19:27:17+0100 - 56,00 B
              _0.fdt: 2013-03-05T19:21:17+0100 - 64,00 B
              _2.fdx: 2013-03-05T19:27:17+0100 - 12,00 B
              _0.fnm: 2013-03-05T19:21:17+0100 - 82,00 B
              _1.tii: 2013-03-05T19:21:19+0100 - 35,00 B
              _0.tii: 2013-03-05T19:21:17+0100 - 35,00 B
              _1.fdx: 2013-03-05T19:21:19+0100 - 12,00 B
              _2.frq: 2013-03-05T19:27:17+0100 - 5,00 B
              _2.prx: 2013-03-05T19:27:17+0100 - 5,00 B
              _1.frq: 2013-03-05T19:21:19+0100 - 3,00 B
              _0.tis: 2013-03-05T19:21:17+0100 - 98,00 B
              _2.tis: 2013-03-05T19:27:17+0100 - 74,00 B
              segments_1: 2013-03-05T19:27:17+0100 - 563,00 B
              _1.fnm: 2013-03-05T19:21:19+0100 - 82,00 B
              _1.prx: 2013-03-05T19:21:19+0100 - 3,00 B
              _1.nrm: 2013-03-05T19:21:19+0100 - 9,00 B
              _0.frq: 2013-03-05T19:21:17+0100 - 5,00 B
              _0.nrm: 2013-03-05T19:21:17+0100 - 9,00 B
              _2.nrm: 2013-03-05T19:27:17+0100 - 11,00 B
              _0.prx: 2013-03-05T19:21:17+0100 - 5,00 B
              _2.tii: 2013-03-05T19:27:17+0100 - 35,00 B
              _1.fdt: 2013-03-05T19:21:19+0100 - 28,00 B
              segments.gen: 2013-03-05T19:27:17+0100 - 20,00 B
              _2.fnm: 2013-03-05T19:27:17+0100 - 124,00 B
            - Total: 2013-03-05T19:27:17+0100 - 1,40 kB
            topic-content-exact:
              _g.fdt: 2013-03-05T19:21:19+0100 - 2,15 kB
              _a.tii: 2013-03-05T19:21:16+0100 - 83,00 B
              _g.frq: 2013-03-05T19:21:19+0100 - 147,00 B
              _h.cfs: 2013-03-05T19:21:20+0100 - 1,35 kB
              _f.tis: 2013-03-05T19:21:18+0100 - 594,00 B
              _g.tii: 2013-03-05T19:21:19+0100 - 35,00 B
              _g.tis: 2013-03-05T19:21:19+0100 - 979,00 B
              _f.tii: 2013-03-05T19:21:18+0100 - 35,00 B
              _b.cfs: 2013-03-05T19:21:17+0100 - 1,63 kB
              _g.fdx: 2013-03-05T19:21:19+0100 - 388,00 B
              _a.fdt: 2013-03-05T19:21:16+0100 - 9,83 kB
              _a.tis: 2013-03-05T19:21:16+0100 - 3,44 kB
              _f.fnm: 2013-03-05T19:21:18+0100 - 55,00 B
              _g.fnm: 2013-03-05T19:21:19+0100 - 55,00 B
              segments_1: 2013-03-05T19:27:17+0100 - 1,45 kB
              _f.frq: 2013-03-05T19:21:18+0100 - 96,00 B
              _f.fdx: 2013-03-05T19:21:18+0100 - 252,00 B
              _g.nrm: 2013-03-05T19:21:19+0100 - 196,00 B
              _f.fdt: 2013-03-05T19:21:18+0100 - 1,30 kB
              _c.cfs: 2013-03-05T19:21:17+0100 - 1,51 kB
              _a.prx: 2013-03-05T19:21:16+0100 - 666,00 B
              _f.prx: 2013-03-05T19:21:18+0100 - 93,00 B
              _d.cfs: 2013-03-05T19:21:17+0100 - 808,00 B
              _f.nrm: 2013-03-05T19:21:18+0100 - 128,00 B
              _g.prx: 2013-03-05T19:21:19+0100 - 144,00 B
              segments.gen: 2013-03-05T19:27:17+0100 - 20,00 B
              _e.cfs: 2013-03-05T19:21:18+0100 - 1,71 kB
              _a.frq: 2013-03-05T19:21:16+0100 - 970,00 B
              _a.fnm: 2013-03-05T19:21:16+0100 - 27,00 B
              _a.nrm: 2013-03-05T19:21:16+0100 - 670,00 B
              _a.fdx: 2013-03-05T19:21:16+0100 - 1,74 kB
            - Total: 2013-03-05T19:27:17+0100 - 32,40 kB
          - Total: 2013-03-05T19:21:17+0100 - 620,45 kB
        - Total: 2013-03-05T19:21:07+0100 - 620,45 kB
        lucene.log.v0: 2013-03-05T19:27:17+0100 - 3,18 MB
        lucene.log.1: 2013-03-05T19:28:07+0100 - 16,00 B
        lucene-store.db: 2013-03-05T19:27:17+0100 - 40,00 B
      - Total: 2013-03-05T19:28:07+0100 - 3,78 MB
      neostore.relationshiptypestore.db.names.id: 2013-03-05T19:28:07+0100 - 9,00 B
      neostore.propertystore.db.index: 2013-03-05T19:28:07+0100 - 1,02 kB
      neostore.nodestore.db.id: 2013-03-05T19:28:07+0100 - 9,00 B
      neostore.relationshiptypestore.db.id: 2013-03-05T19:28:07+0100 - 9,00 B
      messages.log: 2013-03-05T19:28:08+0100 - 36,37 kB
      index.db: 2013-03-05T19:21:07+0100 - 661,00 B
      neostore.propertystore.db.arrays: 2013-03-05T19:28:07+0100 - 128,00 B
      neostore.propertystore.db.index.keys.id: 2013-03-05T19:28:07+0100 - 9,00 B
      nioneo_logical.log.active: 2013-03-05T19:28:07+0100 - 4,00 B
      neostore: 2013-03-05T19:28:07+0100 - 54,00 B
      nioneo_logical.log.v0: 2013-03-05T19:27:17+0100 - 855,75 kB
      tm_tx_log.1: 2013-03-05T19:28:07+0100 - 0,00 B
      neostore.relationshiptypestore.db: 2013-03-05T19:28:07+0100 - 70,00 B
